<?xml version="1.0" encoding="UTF-8"?>
<testng-results ignored="0" total="2" passed="2" failed="0" skipped="0">
  <reporter-output>
  </reporter-output>
  <suite started-at="2021-12-05T20:13:40 IST" name="Suite" finished-at="2021-12-05T20:13:56 IST" duration-ms="15739">
    <groups>
    </groups>
    <test started-at="2021-12-05T20:13:40 IST" name="Test" finished-at="2021-12-05T20:13:56 IST" duration-ms="15739">
      <class name="com.testautomation.MyAutomation.Guru99Registration">
        <test-method is-config="true" signature="beforeSuite()[pri:0, instance:com.testautomation.MyAutomation.Guru99Registration@17497425]" started-at="2021-12-05T20:13:22 IST" name="beforeSuite" finished-at="2021-12-05T20:13:40 IST" duration-ms="17842" status="PASS">
          <reporter-output>
          </reporter-output>
        </test-method> <!-- beforeSuite -->
        <test-method is-config="true" signature="beforeTest()[pri:0, instance:com.testautomation.MyAutomation.Guru99Registration@17497425]" started-at="2021-12-05T20:13:40 IST" name="beforeTest" finished-at="2021-12-05T20:13:48 IST" duration-ms="8141" status="PASS">
          <reporter-output>
          </reporter-output>
        </test-method> <!-- beforeTest -->
        <test-method is-config="true" signature="ReadData()[pri:0, instance:com.testautomation.MyAutomation.Guru99Registration@17497425]" started-at="2021-12-05T20:13:48 IST" name="ReadData" finished-at="2021-12-05T20:13:54 IST" duration-ms="5516" status="PASS">
          <reporter-output>
          </reporter-output>
        </test-method> <!-- ReadData -->
        <test-method signature="Loign()[pri:0, instance:com.testautomation.MyAutomation.Guru99Registration@17497425]" started-at="2021-12-05T20:13:54 IST" name="Loign" finished-at="2021-12-05T20:13:56 IST" duration-ms="1935" status="PASS">
          <reporter-output>
          </reporter-output>
        </test-method> <!-- Loign -->
        <test-method signature="Loign1()[pri:0, instance:com.testautomation.MyAutomation.Guru99Registration@17497425]" started-at="2021-12-05T20:13:56 IST" name="Loign1" finished-at="2021-12-05T20:13:56 IST" duration-ms="2" status="PASS">
          <reporter-output>
          </reporter-output>
        </test-method> <!-- Loign1 -->
        <test-method is-config="true" signature="afterSuite()[pri:0, instance:com.testautomation.MyAutomation.Guru99Registration@17497425]" started-at="2021-12-05T20:13:56 IST" name="afterSuite" finished-at="2021-12-05T20:13:58 IST" duration-ms="1515" status="PASS">
          <reporter-output>
          </reporter-output>
        </test-method> <!-- afterSuite -->
      </class> <!-- com.testautomation.MyAutomation.Guru99Registration -->
    </test> <!-- Test -->
  </suite> <!-- Suite -->
</testng-results>
